<?xml version="1.0" encoding="utf-8"?>
<TestRun id="3314c66b-efa7-44bb-a620-e8478366d559" name="@runnervm0kj6c 2026-03-11 21:32:59" xmlns="http://microsoft.com/schemas/VisualStudio/TeamTest/2010">
  <Times creation="2026-03-11T21:32:59.5397919+00:00" queuing="2026-03-11T21:32:59.5397920+00:00" start="2026-03-11T21:32:55.8745445+00:00" finish="2026-03-11T21:32:59.5462899+00:00" />
  <TestSettings name="default" id="12f5a24c-9d80-4816-b2d4-2fcba9d57b04">
    <Deployment runDeploymentRoot="_runnervm0kj6c_2026-03-11_21_32_59" />
  </TestSettings>
  <Results>
    <UnitTestResult executionId="e10d1d64-8b49-4f8f-b486-3b8ca5bc42d0" testId="c6fdb586-09a9-473b-3dea-78c215b5db14" testName="LegalRagApp.Tests.IntegrationPlatformTests.DebugEndpointBlockedWhenDisabled" computerName="runnervm0kj6c" duration="00:00:02.4356390" startTime="2026-03-11T21:32:59.4437245+00:00" endTime="2026-03-11T21:32:59.4437533+00:00" testType="13cdc9d9-ddb5-4fa4-a97d-d965ccfc6d4b" outcome="Passed" testListId="8c84fa94-04c1-424b-9868-57a2d4851a1d" relativeResultsDirectory="e10d1d64-8b49-4f8f-b486-3b8ca5bc42d0" />
  </Results>
  <TestDefinitions>
    <UnitTest name="LegalRagApp.Tests.IntegrationPlatformTests.DebugEndpointBlockedWhenDisabled" storage="/home/runner/work/azure-enterprise-bicep/azure-enterprise-bicep/tests/legalragapp.tests/bin/debug/net8.0/legalragapp.tests.dll" id="c6fdb586-09a9-473b-3dea-78c215b5db14">
      <Execution id="e10d1d64-8b49-4f8f-b486-3b8ca5bc42d0" />
      <TestMethod codeBase="/home/runner/work/azure-enterprise-bicep/azure-enterprise-bicep/tests/LegalRagApp.Tests/bin/Debug/net8.0/LegalRagApp.Tests.dll" adapterTypeName="executor://xunit/VsTestRunner2/netcoreapp" className="LegalRagApp.Tests.IntegrationPlatformTests" name="DebugEndpointBlockedWhenDisabled" />
    </UnitTest>
  </TestDefinitions>
  <TestEntries>
    <TestEntry testId="c6fdb586-09a9-473b-3dea-78c215b5db14" executionId="e10d1d64-8b49-4f8f-b486-3b8ca5bc42d0" testListId="8c84fa94-04c1-424b-9868-57a2d4851a1d" />
  </TestEntries>
  <TestLists>
    <TestList name="Results Not in a List" id="8c84fa94-04c1-424b-9868-57a2d4851a1d" />
    <TestList name="All Loaded Results" id="19431567-8539-422a-85d7-44ee4e166bda" />
  </TestLists>
  <ResultSummary outcome="Completed">
    <Counters total="1" executed="1" passed="1" failed="0" error="0" timeout="0" aborted="0" inconclusive="0" passedButRunAborted="0" notRunnable="0" notExecuted="0" disconnected="0" warning="0" completed="0" inProgress="0" pending="0" />
    <Output>
      <StdOut>[xUnit.net 00:00:00.00] xUnit.net VSTest Adapter v2.4.5+1caef2f33e (64-bit .NET 8.0.24)
[xUnit.net 00:00:00.68]   Discovering: LegalRagApp.Tests
[xUnit.net 00:00:00.71]   Discovered:  LegalRagApp.Tests
[xUnit.net 00:00:00.71]   Starting:    LegalRagApp.Tests
warn: LegalRagApp[0]
      Authorization bypass is enabled for Development. Do not enable this outside local debugging.
warn: LegalRagApp[0]
      Matter-level claim authorization bypass is enabled for Development. Do not enable this outside local debugging.
[xUnit.net 00:00:03.20]   Finished:    LegalRagApp.Tests
</StdOut>
    </Output>
  </ResultSummary>
</TestRun>