<?xml version="1.0" encoding="utf-8"?>
<TestRun id="df365b95-ca91-4aae-aa6b-22ec385cec98" name="@runnervm0kj6c 2026-03-11 21:34:17" xmlns="http://microsoft.com/schemas/VisualStudio/TeamTest/2010">
  <Times creation="2026-03-11T21:34:17.2763947+00:00" queuing="2026-03-11T21:34:17.2763948+00:00" start="2026-03-11T21:34:13.6258273+00:00" finish="2026-03-11T21:34:25.6053440+00:00" />
  <TestSettings name="default" id="f90f3145-b7ca-4335-87dc-54023b4a40df">
    <Deployment runDeploymentRoot="_runnervm0kj6c_2026-03-11_21_34_17" />
  </TestSettings>
  <Results>
    <UnitTestResult executionId="1ca3e951-4aea-4004-a869-d984fbd4d902" testId="c6fdb586-09a9-473b-3dea-78c215b5db14" testName="LegalRagApp.Tests.IntegrationPlatformTests.DebugEndpointBlockedWhenDisabled" computerName="runnervm0kj6c" duration="00:00:00.0325969" startTime="2026-03-11T21:34:25.5308402+00:00" endTime="2026-03-11T21:34:25.5308408+00:00" testType="13cdc9d9-ddb5-4fa4-a97d-d965ccfc6d4b" outcome="Passed" testListId="8c84fa94-04c1-424b-9868-57a2d4851a1d" relativeResultsDirectory="1ca3e951-4aea-4004-a869-d984fbd4d902" />
    <UnitTestResult executionId="594a966f-ce7d-423f-99e5-ada82242c85c" testId="53c74329-af1c-4235-f33e-55edf56c5ed4" testName="LegalRagApp.Tests.IntegrationPlatformTests.AuthorizedUserReceivesGroundedAnswerWithSourceMetadata" computerName="runnervm0kj6c" duration="00:00:02.6651752" startTime="2026-03-11T21:34:22.8389391+00:00" endTime="2026-03-11T21:34:22.8389396+00:00" testType="13cdc9d9-ddb5-4fa4-a97d-d965ccfc6d4b" outcome="Passed" testListId="8c84fa94-04c1-424b-9868-57a2d4851a1d" relativeResultsDirectory="594a966f-ce7d-423f-99e5-ada82242c85c" />
    <UnitTestResult executionId="e1074d95-5340-42c5-84fc-0a0da7cdeab1" testId="95eb5ccb-f5a2-25ab-c119-9e6c403eda96" testName="LegalRagApp.Tests.IntegrationPlatformTests.NoDocumentsRetrievedReturnsFallback" computerName="runnervm0kj6c" duration="00:00:02.9188678" startTime="2026-03-11T21:34:20.1735780+00:00" endTime="2026-03-11T21:34:20.1735785+00:00" testType="13cdc9d9-ddb5-4fa4-a97d-d965ccfc6d4b" outcome="Passed" testListId="8c84fa94-04c1-424b-9868-57a2d4851a1d" relativeResultsDirectory="e1074d95-5340-42c5-84fc-0a0da7cdeab1" />
    <UnitTestResult executionId="ba08587d-2d2c-4d0f-a36c-b60e2469b7d7" testId="735eecdb-8980-1dd0-2bb1-d4c0c884a93a" testName="LegalRagApp.Tests.IntegrationPlatformTests.DebugEndpointWorksWhenEnabled" computerName="runnervm0kj6c" duration="00:00:02.4715853" startTime="2026-03-11T21:34:17.2532105+00:00" endTime="2026-03-11T21:34:17.2532471+00:00" testType="13cdc9d9-ddb5-4fa4-a97d-d965ccfc6d4b" outcome="Passed" testListId="8c84fa94-04c1-424b-9868-57a2d4851a1d" relativeResultsDirectory="ba08587d-2d2c-4d0f-a36c-b60e2469b7d7" />
    <UnitTestResult executionId="90e347c3-f934-4a3a-8f18-0b563e92ecd9" testId="eae123d7-77b8-7129-dad1-466d8c84ae49" testName="LegalRagApp.Tests.IntegrationPlatformTests.UnauthorizedUserGetsFallbackWhenDocumentsFilteredOut" computerName="runnervm0kj6c" duration="00:00:02.6588924" startTime="2026-03-11T21:34:25.4981118+00:00" endTime="2026-03-11T21:34:25.4981129+00:00" testType="13cdc9d9-ddb5-4fa4-a97d-d965ccfc6d4b" outcome="Passed" testListId="8c84fa94-04c1-424b-9868-57a2d4851a1d" relativeResultsDirectory="90e347c3-f934-4a3a-8f18-0b563e92ecd9" />
  </Results>
  <TestDefinitions>
    <UnitTest name="LegalRagApp.Tests.IntegrationPlatformTests.AuthorizedUserReceivesGroundedAnswerWithSourceMetadata" storage="/home/runner/work/azure-enterprise-bicep/azure-enterprise-bicep/tests/legalragapp.tests/bin/debug/net8.0/legalragapp.tests.dll" id="53c74329-af1c-4235-f33e-55edf56c5ed4">
      <Execution id="594a966f-ce7d-423f-99e5-ada82242c85c" />
      <TestMethod codeBase="/home/runner/work/azure-enterprise-bicep/azure-enterprise-bicep/tests/LegalRagApp.Tests/bin/Debug/net8.0/LegalRagApp.Tests.dll" adapterTypeName="executor://xunit/VsTestRunner2/netcoreapp" className="LegalRagApp.Tests.IntegrationPlatformTests" name="AuthorizedUserReceivesGroundedAnswerWithSourceMetadata" />
    </UnitTest>
    <UnitTest name="LegalRagApp.Tests.IntegrationPlatformTests.DebugEndpointWorksWhenEnabled" storage="/home/runner/work/azure-enterprise-bicep/azure-enterprise-bicep/tests/legalragapp.tests/bin/debug/net8.0/legalragapp.tests.dll" id="735eecdb-8980-1dd0-2bb1-d4c0c884a93a">
      <Execution id="ba08587d-2d2c-4d0f-a36c-b60e2469b7d7" />
      <TestMethod codeBase="/home/runner/work/azure-enterprise-bicep/azure-enterprise-bicep/tests/LegalRagApp.Tests/bin/Debug/net8.0/LegalRagApp.Tests.dll" adapterTypeName="executor://xunit/VsTestRunner2/netcoreapp" className="LegalRagApp.Tests.IntegrationPlatformTests" name="DebugEndpointWorksWhenEnabled" />
    </UnitTest>
    <UnitTest name="LegalRagApp.Tests.IntegrationPlatformTests.NoDocumentsRetrievedReturnsFallback" storage="/home/runner/work/azure-enterprise-bicep/azure-enterprise-bicep/tests/legalragapp.tests/bin/debug/net8.0/legalragapp.tests.dll" id="95eb5ccb-f5a2-25ab-c119-9e6c403eda96">
      <Execution id="e1074d95-5340-42c5-84fc-0a0da7cdeab1" />
      <TestMethod codeBase="/home/runner/work/azure-enterprise-bicep/azure-enterprise-bicep/tests/LegalRagApp.Tests/bin/Debug/net8.0/LegalRagApp.Tests.dll" adapterTypeName="executor://xunit/VsTestRunner2/netcoreapp" className="LegalRagApp.Tests.IntegrationPlatformTests" name="NoDocumentsRetrievedReturnsFallback" />
    </UnitTest>
    <UnitTest name="LegalRagApp.Tests.IntegrationPlatformTests.DebugEndpointBlockedWhenDisabled" storage="/home/runner/work/azure-enterprise-bicep/azure-enterprise-bicep/tests/legalragapp.tests/bin/debug/net8.0/legalragapp.tests.dll" id="c6fdb586-09a9-473b-3dea-78c215b5db14">
      <Execution id="1ca3e951-4aea-4004-a869-d984fbd4d902" />
      <TestMethod codeBase="/home/runner/work/azure-enterprise-bicep/azure-enterprise-bicep/tests/LegalRagApp.Tests/bin/Debug/net8.0/LegalRagApp.Tests.dll" adapterTypeName="executor://xunit/VsTestRunner2/netcoreapp" className="LegalRagApp.Tests.IntegrationPlatformTests" name="DebugEndpointBlockedWhenDisabled" />
    </UnitTest>
    <UnitTest name="LegalRagApp.Tests.IntegrationPlatformTests.UnauthorizedUserGetsFallbackWhenDocumentsFilteredOut" storage="/home/runner/work/azure-enterprise-bicep/azure-enterprise-bicep/tests/legalragapp.tests/bin/debug/net8.0/legalragapp.tests.dll" id="eae123d7-77b8-7129-dad1-466d8c84ae49">
      <Execution id="90e347c3-f934-4a3a-8f18-0b563e92ecd9" />
      <TestMethod codeBase="/home/runner/work/azure-enterprise-bicep/azure-enterprise-bicep/tests/LegalRagApp.Tests/bin/Debug/net8.0/LegalRagApp.Tests.dll" adapterTypeName="executor://xunit/VsTestRunner2/netcoreapp" className="LegalRagApp.Tests.IntegrationPlatformTests" name="UnauthorizedUserGetsFallbackWhenDocumentsFilteredOut" />
    </UnitTest>
  </TestDefinitions>
  <TestEntries>
    <TestEntry testId="c6fdb586-09a9-473b-3dea-78c215b5db14" executionId="1ca3e951-4aea-4004-a869-d984fbd4d902" testListId="8c84fa94-04c1-424b-9868-57a2d4851a1d" />
    <TestEntry testId="53c74329-af1c-4235-f33e-55edf56c5ed4" executionId="594a966f-ce7d-423f-99e5-ada82242c85c" testListId="8c84fa94-04c1-424b-9868-57a2d4851a1d" />
    <TestEntry testId="95eb5ccb-f5a2-25ab-c119-9e6c403eda96" executionId="e1074d95-5340-42c5-84fc-0a0da7cdeab1" testListId="8c84fa94-04c1-424b-9868-57a2d4851a1d" />
    <TestEntry testId="735eecdb-8980-1dd0-2bb1-d4c0c884a93a" executionId="ba08587d-2d2c-4d0f-a36c-b60e2469b7d7" testListId="8c84fa94-04c1-424b-9868-57a2d4851a1d" />
    <TestEntry testId="eae123d7-77b8-7129-dad1-466d8c84ae49" executionId="90e347c3-f934-4a3a-8f18-0b563e92ecd9" testListId="8c84fa94-04c1-424b-9868-57a2d4851a1d" />
  </TestEntries>
  <TestLists>
    <TestList name="Results Not in a List" id="8c84fa94-04c1-424b-9868-57a2d4851a1d" />
    <TestList name="All Loaded Results" id="19431567-8539-422a-85d7-44ee4e166bda" />
  </TestLists>
  <ResultSummary outcome="Completed">
    <Counters total="5" executed="5" passed="5" failed="0" error="0" timeout="0" aborted="0" inconclusive="0" passedButRunAborted="0" notRunnable="0" notExecuted="0" disconnected="0" warning="0" completed="0" inProgress="0" pending="0" />
    <Output>
      <StdOut>[xUnit.net 00:00:00.00] xUnit.net VSTest Adapter v2.4.5+1caef2f33e (64-bit .NET 8.0.24)
[xUnit.net 00:00:00.72]   Discovering: LegalRagApp.Tests
[xUnit.net 00:00:00.74]   Discovered:  LegalRagApp.Tests
[xUnit.net 00:00:00.75]   Starting:    LegalRagApp.Tests
warn: LegalRagApp[0]
      Authorization bypass is enabled for Development. Do not enable this outside local debugging.
warn: LegalRagApp[0]
      Matter-level claim authorization bypass is enabled for Development. Do not enable this outside local debugging.
warn: LegalRagApp[0]
      Authorization bypass is enabled for Development. Do not enable this outside local debugging.
warn: LegalRagApp[0]
      Matter-level claim authorization bypass is enabled for Development. Do not enable this outside local debugging.
info: LegalRagApp.Controllers.AskController[0]
      AskRequest started. TraceId=0HNJVMNPC14SM ConversationId=c3 MatterId=MATTER-001 QuestionLength=16
warn: LegalRagApp.Services.QueryRewriteService[0]
      Query rewrite failed. Falling back to original question.
      Azure.Identity.CredentialUnavailableException: DefaultAzureCredential failed to retrieve a token from the included credentials. See the troubleshooting guide for more information. https://aka.ms/azsdk/net/identity/defaultazurecredential/troubleshoot
      - EnvironmentCredential authentication unavailable. Environment variables are not fully configured. See the troubleshooting guide for more information. https://aka.ms/azsdk/net/identity/environmentcredential/troubleshoot
      - WorkloadIdentityCredential authentication unavailable. The workload options are not fully configured. See the troubleshooting guide for more information. https://aka.ms/azsdk/net/identity/workloadidentitycredential/troubleshoot
      - ManagedIdentityCredential authentication unavailable. No response received from the managed identity endpoint.
      - VisualStudioCredential authentication failed: Visual Studio Token provider can't be accessed at /home/runner/.IdentityService/AzureServiceAuth/tokenprovider.json
      - VisualStudioCodeCredential requires the Azure.Identity.Broker package to be referenced from the project. VS Code Azure See the troubleshooting guide for more information. https://aka.ms/azsdk/net/identity/vscodecredential/troubleshoot
      - AzureCliCredential authentication failed: Please run 'az login' to set up account
      - AzurePowerShellCredential authentication failed: Please run 'Connect-AzAccount' to set up account.
      - AzureDeveloperCliCredential authentication failed: Azure Developer CLI could not be found.
      - The BrokerCredential requires the Azure.Identity.Broker package to be referenced. See the troubleshooting guide for more information. https://aka.ms/azsdk/net/identity/brokercredential/troubleshoot
       ---&gt; System.AggregateException: Multiple exceptions were encountered while attempting to authenticate. (EnvironmentCredential authentication unavailable. Environment variables are not fully configured. See the troubleshooting guide for more information. https://aka.ms/azsdk/net/identity/environmentcredential/troubleshoot) (WorkloadIdentityCredential authentication unavailable. The workload options are not fully configured. See the troubleshooting guide for more information. https://aka.ms/azsdk/net/identity/workloadidentitycredential/troubleshoot) (ManagedIdentityCredential authentication unavailable. No response received from the managed identity endpoint.) (VisualStudioCredential authentication failed: Visual Studio Token provider can't be accessed at /home/runner/.IdentityService/AzureServiceAuth/tokenprovider.json) (VisualStudioCodeCredential requires the Azure.Identity.Broker package to be referenced from the project. VS Code Azure See the troubleshooting guide for more information. https://aka.ms/azsdk/net/identity/vscodecredential/troubleshoot) (AzureCliCredential authentication failed: Please run 'az login' to set up account) (AzurePowerShellCredential authentication failed: Please run 'Connect-AzAccount' to set up account.) (AzureDeveloperCliCredential authentication failed: Azure Developer CLI could not be found.) (The BrokerCredential requires the Azure.Identity.Broker package to be referenced. See the troubleshooting guide for more information. https://aka.ms/azsdk/net/identity/brokercredential/troubleshoot)
       ---&gt; Azure.Identity.CredentialUnavailableException: EnvironmentCredential authentication unavailable. Environment variables are not fully configured. See the troubleshooting guide for more information. https://aka.ms/azsdk/net/identity/environmentcredential/troubleshoot
         at Azure.Identity.CredentialDiagnosticScope.FailWrapAndThrow(Exception ex, String additionalMessage, Boolean isCredentialUnavailable)
         at Azure.Identity.EnvironmentCredential.GetTokenImplAsync(Boolean async, TokenRequestContext requestContext, CancellationToken cancellationToken)
         at Azure.Identity.EnvironmentCredential.GetTokenAsync(TokenRequestContext requestContext, CancellationToken cancellationToken)
         at Azure.Identity.DefaultAzureCredential.GetTokenFromSourcesAsync(TokenCredential[] sources, TokenRequestContext requestContext, Boolean async, CancellationToken cancellationToken)
         --- End of inner exception stack trace ---
       ---&gt; (Inner Exception #1) Azure.Identity.CredentialUnavailableException: WorkloadIdentityCredential authentication unavailable. The workload options are not fully configured. See the troubleshooting guide for more information. https://aka.ms/azsdk/net/identity/workloadidentitycredential/troubleshoot
         at Azure.Identity.WorkloadIdentityCredential.GetTokenCoreAsync(Boolean async, TokenRequestContext requestContext, CancellationToken cancellationToken)
         at Azure.Identity.CredentialDiagnosticScope.FailWrapAndThrow(Exception ex, String additionalMessage, Boolean isCredentialUnavailable)
         at Azure.Identity.WorkloadIdentityCredential.GetTokenCoreAsync(Boolean async, TokenRequestContext requestContext, CancellationToken cancellationToken)
         at Azure.Identity.WorkloadIdentityCredential.GetTokenAsync(TokenRequestContext requestContext, CancellationToken cancellationToken)
         at Azure.Identity.DefaultAzureCredential.GetTokenFromSourcesAsync(TokenCredential[] sources, TokenRequestContext requestContext, Boolean async, CancellationToken cancellationToken)&lt;---
       ---&gt; (Inner Exception #2) Azure.Identity.CredentialUnavailableException: ManagedIdentityCredential authentication unavailable. No response received from the managed identity endpoint.
       ---&gt; System.Threading.Tasks.TaskCanceledException: The operation was cancelled because it exceeded the configured timeout of 0:00:01. Network timeout can be adjusted in ClientOptions.Retry.NetworkTimeout.
       ---&gt; System.Threading.Tasks.TaskCanceledException: A task was canceled.
       ---&gt; System.Threading.Tasks.TaskCanceledException: A task was canceled.
         at System.Threading.Tasks.TaskCompletionSourceWithCancellation`1.WaitWithCancellationAsync(CancellationToken cancellationToken)
         at System.Net.Http.HttpConnectionPool.HttpConnectionWaiter`1.WaitForConnectionWithTelemetryAsync(HttpRequestMessage request, HttpConnectionPool pool, Boolean async, CancellationToken requestCancellationToken)
         at System.Net.Http.HttpConnectionPool.SendWithVersionDetectionAndRetryAsync(HttpRequestMessage request, Boolean async, Boolean doRequestAuth, CancellationToken cancellationToken)
         at System.Net.Http.DiagnosticsHandler.SendAsyncCore(HttpRequestMessage request, Boolean async, CancellationToken cancellationToken)
         at System.Net.Http.Metrics.MetricsHandler.SendAsyncWithMetrics(HttpRequestMessage request, Boolean async, CancellationToken cancellationToken)
         at System.Net.Http.HttpClient.&lt;SendAsync&gt;g__Core|83_0(HttpRequestMessage request, HttpCompletionOption completionOption, CancellationTokenSource cts, Boolean disposeCts, CancellationTokenSource pendingRequestsCts, CancellationToken originalCancellationToken)
         --- End of inner exception stack trace ---
         at System.Net.Http.HttpClient.HandleFailure(Exception e, Boolean telemetryStarted, HttpResponseMessage response, CancellationTokenSource cts, CancellationToken cancellationToken, CancellationTokenSource pendingRequestsCts)
         at System.Net.Http.HttpClient.&lt;SendAsync&gt;g__Core|83_0(HttpRequestMessage request, HttpCompletionOption completionOption, CancellationTokenSource cts, Boolean disposeCts, CancellationTokenSource pendingRequestsCts, CancellationToken originalCancellationToken)
         at Azure.Core.Pipeline.HttpClientTransport.ProcessSyncOrAsync(HttpMessage message, Boolean async)
         at Azure.Core.Pipeline.HttpPipelineTransportPolicy.ProcessAsync(HttpMessage message, ReadOnlyMemory`1 pipeline)
         at Azure.Core.Pipeline.RequestActivityPolicy.ProcessAsync(HttpMessage message, ReadOnlyMemory`1 pipeline, Boolean async)
         at Azure.Core.Pipeline.ResponseBodyPolicy.ProcessAsync(HttpMessage message, ReadOnlyMemory`1 pipeline, Boolean async)
         --- End of inner exception stack trace ---
         at Azure.Core.Pipeline.ResponseBodyPolicy.ThrowIfCancellationRequestedOrTimeout(CancellationToken originalToken, CancellationToken timeoutToken, Exception inner, TimeSpan timeout)
         at Azure.Core.Pipeline.ResponseBodyPolicy.ProcessAsync(HttpMessage message, ReadOnlyMemory`1 pipeline, Boolean async)
         at Azure.Core.Pipeline.RedirectPolicy.ProcessAsync(HttpMessage message, ReadOnlyMemory`1 pipeline, Boolean async)
         at Azure.Core.Pipeline.RetryPolicy.ProcessAsync(HttpMessage message, ReadOnlyMemory`1 pipeline, Boolean async)
         at Azure.Core.Pipeline.RetryPolicy.ProcessAsync(HttpMessage message, ReadOnlyMemory`1 pipeline, Boolean async)
         at Azure.Identity.ManagedIdentitySource.AuthenticateAsync(Boolean async, TokenRequestContext context, CancellationToken cancellationToken)
         at Azure.Identity.ImdsManagedIdentityProbeSource.AuthenticateAsync(Boolean async, TokenRequestContext context, CancellationToken cancellationToken)
         --- End of inner exception stack trace ---
         at Azure.Identity.ImdsManagedIdentityProbeSource.AuthenticateAsync(Boolean async, TokenRequestContext context, CancellationToken cancellationToken)
         at Azure.Identity.ManagedIdentityClient.AuthenticateCoreAsync(Boolean async, TokenRequestContext context, CancellationToken cancellationToken)
         at Azure.Identity.ManagedIdentityClient.AuthenticateAsync(Boolean async, TokenRequestContext context, CancellationToken cancellationToken)
         at Azure.Identity.ManagedIdentityCredential.GetTokenImplAsync(Boolean async, TokenRequestContext requestContext, CancellationToken cancellationToken)
         at Azure.Identity.CredentialDiagnosticScope.FailWrapAndThrow(Exception ex, String additionalMessage, Boolean isCredentialUnavailable)
         at Azure.Identity.ManagedIdentityCredential.GetTokenImplAsync(Boolean async, TokenRequestContext requestContext, CancellationToken cancellationToken)
         at Azure.Identity.ManagedIdentityCredential.GetTokenAsync(TokenRequestContext requestContext, CancellationToken cancellationToken)
         at Azure.Identity.DefaultAzureCredential.GetTokenFromSourcesAsync(TokenCredential[] sources, TokenRequestContext requestContext, Boolean async, CancellationToken cancellationToken)&lt;---
       ---&gt; (Inner Exception #3) Azure.Identity.CredentialUnavailableException: VisualStudioCredential authentication failed: Visual Studio Token provider can't be accessed at /home/runner/.IdentityService/AzureServiceAuth/tokenprovider.json
       ---&gt; Azure.Identity.CredentialUnavailableException: Visual Studio Token provider can't be accessed at /home/runner/.IdentityService/AzureServiceAuth/tokenprovider.json
       ---&gt; System.IO.DirectoryNotFoundException: Could not find a part of the path '/home/runner/.IdentityService/AzureServiceAuth/tokenprovider.json'.
         at Interop.ThrowExceptionForIoErrno(ErrorInfo errorInfo, String path, Boolean isDirError)
         at Microsoft.Win32.SafeHandles.SafeFileHandle.Open(String fullPath, FileMode mode, FileAccess access, FileShare share, FileOptions options, Int64 preallocationSize, UnixFileMode openPermissions, Int64&amp; fileLength, UnixFileMode&amp; filePermissions, Boolean failForSymlink, Boolean&amp; wasSymlink, Func`4 createOpenException)
         at System.IO.Strategies.OSFileStreamStrategy..ctor(String path, FileMode mode, FileAccess access, FileShare share, FileOptions options, Int64 preallocationSize, Nullable`1 unixCreateMode)
         at System.IO.StreamReader.ValidateArgsAndOpenPath(String path, Encoding encoding, Int32 bufferSize)
         at System.IO.File.ReadAllText(String path, Encoding encoding)
         at Azure.Identity.FileSystemService.ReadAllText(String path)
         at Azure.Identity.VisualStudioCredential.GetTokenProviderContent(String tokenProviderPath)
         --- End of inner exception stack trace ---
         at Azure.Identity.VisualStudioCredential.GetTokenProviderContent(String tokenProviderPath)
         at Azure.Identity.VisualStudioCredential.GetTokenProviders(String tokenProviderPath)
         at Azure.Identity.VisualStudioCredential.GetTokenImplAsync(TokenRequestContext requestContext, Boolean async, CancellationToken cancellationToken)
         --- End of inner exception stack trace ---
         at Azure.Identity.CredentialDiagnosticScope.FailWrapAndThrow(Exception ex, String additionalMessage, Boolean isCredentialUnavailable)
         at Azure.Identity.VisualStudioCredential.GetTokenImplAsync(TokenRequestContext requestContext, Boolean async, CancellationToken cancellationToken)
         at Azure.Identity.VisualStudioCredential.GetTokenAsync(TokenRequestContext requestContext, CancellationToken cancellationToken)
         at Azure.Identity.DefaultAzureCredential.GetTokenFromSourcesAsync(TokenCredential[] sources, TokenRequestContext requestContext, Boolean async, CancellationToken cancellationToken)&lt;---
       ---&gt; (Inner Exception #4) Azure.Identity.CredentialUnavailableException: VisualStudioCodeCredential requires the Azure.Identity.Broker package to be referenced from the project. VS Code Azure See the troubleshooting guide for more information. https://aka.ms/azsdk/net/identity/vscodecredential/troubleshoot
         at Azure.Identity.VisualStudioCodeCredential.GetTokenImpl(Boolean async, TokenRequestContext requestContext, CancellationToken cancellationToken)
         at Azure.Identity.VisualStudioCodeCredential.GetTokenAsync(TokenRequestContext requestContext, CancellationToken cancellationToken)
         at Azure.Identity.DefaultAzureCredential.GetTokenFromSourcesAsync(TokenCredential[] sources, TokenRequestContext requestContext, Boolean async, CancellationToken cancellationToken)&lt;---
       ---&gt; (Inner Exception #5) Azure.Identity.CredentialUnavailableException: AzureCliCredential authentication failed: Please run 'az login' to set up account
       ---&gt; Azure.Identity.CredentialUnavailableException: Please run 'az login' to set up account
         at Azure.Identity.AzureCliCredential.RequestCliAccessTokenAsync(Boolean async, TokenRequestContext context, CancellationToken cancellationToken)
         at Azure.Identity.AzureCliCredential.GetTokenImplAsync(Boolean async, TokenRequestContext requestContext, CancellationToken cancellationToken)
         --- End of inner exception stack trace ---
         at Azure.Identity.CredentialDiagnosticScope.FailWrapAndThrow(Exception ex, String additionalMessage, Boolean isCredentialUnavailable)
         at Azure.Identity.AzureCliCredential.GetTokenImplAsync(Boolean async, TokenRequestContext requestContext, CancellationToken cancellationToken)
         at Azure.Identity.AzureCliCredential.GetTokenAsync(TokenRequestContext requestContext, CancellationToken cancellationToken)
         at Azure.Identity.DefaultAzureCredential.GetTokenFromSourcesAsync(TokenCredential[] sources, TokenRequestContext requestContext, Boolean async, CancellationToken cancellationToken)&lt;---
       ---&gt; (Inner Exception #6) Azure.Identity.CredentialUnavailableException: AzurePowerShellCredential authentication failed: Please run 'Connect-AzAccount' to set up account.
       ---&gt; Azure.Identity.CredentialUnavailableException: Please run 'Connect-AzAccount' to set up account.
         at Azure.Identity.AzurePowerShellCredential.CheckForErrors(String output, Int32 exitCode)
         at Azure.Identity.AzurePowerShellCredential.RequestAzurePowerShellAccessTokenAsync(Boolean async, TokenRequestContext context, CancellationToken cancellationToken)
         at Azure.Identity.AzurePowerShellCredential.GetTokenImplAsync(Boolean async, TokenRequestContext requestContext, CancellationToken cancellationToken)
         --- End of inner exception stack trace ---
         at Azure.Identity.CredentialDiagnosticScope.FailWrapAndThrow(Exception ex, String additionalMessage, Boolean isCredentialUnavailable)
         at Azure.Identity.AzurePowerShellCredential.GetTokenImplAsync(Boolean async, TokenRequestContext requestContext, CancellationToken cancellationToken)
         at Azure.Identity.AzurePowerShellCredential.GetTokenAsync(TokenRequestContext requestContext, CancellationToken cancellationToken)
         at Azure.Identity.DefaultAzureCredential.GetTokenFromSourcesAsync(TokenCredential[] sources, TokenRequestContext requestContext, Boolean async, CancellationToken cancellationToken)&lt;---
       ---&gt; (Inner Exception #7) Azure.Identity.CredentialUnavailableException: AzureDeveloperCliCredential authentication failed: Azure Developer CLI could not be found.
       ---&gt; Azure.Identity.CredentialUnavailableException: Azure Developer CLI could not be found.
         at Azure.Identity.AzureDeveloperCliCredential.RequestCliAccessTokenAsync(Boolean async, TokenRequestContext context, CancellationToken cancellationToken)
         at Azure.Identity.AzureDeveloperCliCredential.GetTokenImplAsync(Boolean async, TokenRequestContext requestContext, CancellationToken cancellationToken)
         --- End of inner exception stack trace ---
         at Azure.Identity.CredentialDiagnosticScope.FailWrapAndThrow(Exception ex, String additionalMessage, Boolean isCredentialUnavailable)
         at Azure.Identity.AzureDeveloperCliCredential.GetTokenImplAsync(Boolean async, TokenRequestContext requestContext, CancellationToken cancellationToken)
         at Azure.Identity.AzureDeveloperCliCredential.GetTokenAsync(TokenRequestContext requestContext, CancellationToken cancellationToken)
         at Azure.Identity.DefaultAzureCredential.GetTokenFromSourcesAsync(TokenCredential[] sources, TokenRequestContext requestContext, Boolean async, CancellationToken cancellationToken)&lt;---
       ---&gt; (Inner Exception #8) Azure.Identity.CredentialUnavailableException: The BrokerCredential requires the Azure.Identity.Broker package to be referenced. See the troubleshooting guide for more information. https://aka.ms/azsdk/net/identity/brokercredential/troubleshoot
         at Azure.Identity.BrokerCredential.GetTokenImpl(Boolean async, TokenRequestContext requestContext, CancellationToken cancellationToken)
         at Azure.Identity.BrokerCredential.GetTokenAsync(TokenRequestContext requestContext, CancellationToken cancellationToken)
         at Azure.Identity.DefaultAzureCredential.GetTokenFromSourcesAsync(TokenCredential[] sources, TokenRequestContext requestContext, Boolean async, CancellationToken cancellationToken)&lt;---
         --- End of inner exception stack trace ---
         at Azure.Identity.DefaultAzureCredential.GetTokenFromSourcesAsync(TokenCredential[] sources, TokenRequestContext requestContext, Boolean async, CancellationToken cancellationToken)
         at Azure.Identity.DefaultAzureCredential.GetTokenImplAsync(Boolean async, TokenRequestContext requestContext, CancellationToken cancellationToken)
         at Azure.Identity.CredentialDiagnosticScope.FailWrapAndThrow(Exception ex, String additionalMessage, Boolean isCredentialUnavailable)
         at Azure.Identity.DefaultAzureCredential.GetTokenImplAsync(Boolean async, TokenRequestContext requestContext, CancellationToken cancellationToken)
         at Azure.Identity.DefaultAzureCredential.GetTokenAsync(TokenRequestContext requestContext, CancellationToken cancellationToken)
         at Azure.AI.OpenAI.AzureTokenAuthenticationPolicy.ProcessAsync(PipelineMessage message, IReadOnlyList`1 pipeline, Int32 currentIndex)
         at System.ClientModel.Primitives.PipelinePolicy.ProcessNextAsync(PipelineMessage message, IReadOnlyList`1 pipeline, Int32 currentIndex)
         at System.ClientModel.Primitives.ClientRetryPolicy.ProcessSyncOrAsync(PipelineMessage message, IReadOnlyList`1 pipeline, Int32 currentIndex, Boolean async)
         at System.ClientModel.Primitives.ClientRetryPolicy.ProcessSyncOrAsync(PipelineMessage message, IReadOnlyList`1 pipeline, Int32 currentIndex, Boolean async)
         at System.ClientModel.Primitives.ClientRetryPolicy.ProcessAsync(PipelineMessage message, IReadOnlyList`1 pipeline, Int32 currentIndex)
         at System.ClientModel.Primitives.PipelinePolicy.ProcessNextAsync(PipelineMessage message, IReadOnlyList`1 pipeline, Int32 currentIndex)
         at Azure.AI.OpenAI.GenericActionPipelinePolicy.ProcessAsync(PipelineMessage message, IReadOnlyList`1 pipeline, Int32 currentIndex)
         at System.ClientModel.Primitives.PipelinePolicy.ProcessNextAsync(PipelineMessage message, IReadOnlyList`1 pipeline, Int32 currentIndex)
         at Azure.AI.OpenAI.GenericActionPipelinePolicy.ProcessAsync(PipelineMessage message, IReadOnlyList`1 pipeline, Int32 currentIndex)
         at System.ClientModel.Primitives.ClientPipeline.SendAsync(PipelineMessage message)
         at Azure.AI.OpenAI.ClientPipelineExtensions.ProcessMessageAsync(ClientPipeline pipeline, PipelineMessage message, RequestOptions options)
         at Azure.AI.OpenAI.Chat.AzureChatClient.CompleteChatAsync(BinaryContent content, RequestOptions options)
         at OpenAI.Chat.ChatClient.CompleteChatAsync(IEnumerable`1 messages, ChatCompletionOptions options, CancellationToken cancellationToken)
         at LegalRagApp.Services.QueryRewriteService.RewriteAsync(String question, CancellationToken cancellationToken) in /home/runner/work/azure-enterprise-bicep/azure-enterprise-bicep/src/Services/QueryRewriteService.cs:line 39
info: LegalRagApp.Controllers.AskController[0]
      AskRequest rewrite completed. TraceId=0HNJVMNPC14SM ConversationId=c3 RewriteDurationMs=2736
info: LegalRagApp.Controllers.AskController[0]
      AskRequest retrieval completed. TraceId=0HNJVMNPC14SM ConversationId=c3 MatterId=MATTER-001 RetrievedChunkCount=0 AverageScore=0 RetrievalDurationMs=1
info: LegalRagApp.Controllers.AskController[0]
      AskRequest memory loaded. TraceId=0HNJVMNPC14SM ConversationId=c3 MessageCount=0 MemoryDurationMs=0
info: LegalRagApp.Controllers.AskController[0]
      AskRequest generation completed. TraceId=0HNJVMNPC14SM ConversationId=c3 PromptTokens=0 CompletionTokens=0 EstimatedCost=0 GenerationDurationMs=0
info: LegalRagApp.Controllers.AskController[0]
      AskRequest completed. TraceId=0HNJVMNPC14SM ConversationId=c3 MatterId=MATTER-001 Filter= RetrievedChunkCount=0 Confidence=low DurationMs=2748
info: LegalRagApp.Middleware.CostTrackingMiddleware[0]
      COST_AI_QUERY user=authorized@firm.com promptTokens=0 completionTokens=0 estimatedCost=0
info: LegalRagApp.Services.AuditService[0]
      AUDIT_AI_QUERY {"userId":"authorized@firm.com","question":"no-docs scenario","rewrittenQuery":"no-docs scenario","timestamp":"2026-03-11T21:34:20.1360672+00:00","documentsRetrieved":[],"modelUsed":"fake-chat","confidence":"low","promptTokens":0,"completionTokens":0,"estimatedCost":0,"responseTimeMs":2748}
warn: LegalRagApp[0]
      Authorization bypass is enabled for Development. Do not enable this outside local debugging.
warn: LegalRagApp[0]
      Matter-level claim authorization bypass is enabled for Development. Do not enable this outside local debugging.
info: LegalRagApp.Controllers.AskController[0]
      AskRequest started. TraceId=0HNJVMNPC14SN ConversationId=c1 MatterId=MATTER-001 QuestionLength=31
warn: LegalRagApp.Services.QueryRewriteService[0]
      Query rewrite failed. Falling back to original question.
      Azure.Identity.CredentialUnavailableException: DefaultAzureCredential failed to retrieve a token from the included credentials. See the troubleshooting guide for more information. https://aka.ms/azsdk/net/identity/defaultazurecredential/troubleshoot
      - EnvironmentCredential authentication unavailable. Environment variables are not fully configured. See the troubleshooting guide for more information. https://aka.ms/azsdk/net/identity/environmentcredential/troubleshoot
      - WorkloadIdentityCredential authentication unavailable. The workload options are not fully configured. See the troubleshooting guide for more information. https://aka.ms/azsdk/net/identity/workloadidentitycredential/troubleshoot
      - ManagedIdentityCredential authentication unavailable. No response received from the managed identity endpoint.
      - VisualStudioCredential authentication failed: Visual Studio Token provider can't be accessed at /home/runner/.IdentityService/AzureServiceAuth/tokenprovider.json
      - VisualStudioCodeCredential requires the Azure.Identity.Broker package to be referenced from the project. VS Code Azure See the troubleshooting guide for more information. https://aka.ms/azsdk/net/identity/vscodecredential/troubleshoot
      - AzureCliCredential authentication failed: Please run 'az login' to set up account
      - AzurePowerShellCredential authentication failed: Please run 'Connect-AzAccount' to set up account.
      - AzureDeveloperCliCredential authentication failed: Azure Developer CLI could not be found.
      - The BrokerCredential requires the Azure.Identity.Broker package to be referenced. See the troubleshooting guide for more information. https://aka.ms/azsdk/net/identity/brokercredential/troubleshoot
       ---&gt; System.AggregateException: Multiple exceptions were encountered while attempting to authenticate. (EnvironmentCredential authentication unavailable. Environment variables are not fully configured. See the troubleshooting guide for more information. https://aka.ms/azsdk/net/identity/environmentcredential/troubleshoot) (WorkloadIdentityCredential authentication unavailable. The workload options are not fully configured. See the troubleshooting guide for more information. https://aka.ms/azsdk/net/identity/workloadidentitycredential/troubleshoot) (ManagedIdentityCredential authentication unavailable. No response received from the managed identity endpoint.) (VisualStudioCredential authentication failed: Visual Studio Token provider can't be accessed at /home/runner/.IdentityService/AzureServiceAuth/tokenprovider.json) (VisualStudioCodeCredential requires the Azure.Identity.Broker package to be referenced from the project. VS Code Azure See the troubleshooting guide for more information. https://aka.ms/azsdk/net/identity/vscodecredential/troubleshoot) (AzureCliCredential authentication failed: Please run 'az login' to set up account) (AzurePowerShellCredential authentication failed: Please run 'Connect-AzAccount' to set up account.) (AzureDeveloperCliCredential authentication failed: Azure Developer CLI could not be found.) (The BrokerCredential requires the Azure.Identity.Broker package to be referenced. See the troubleshooting guide for more information. https://aka.ms/azsdk/net/identity/brokercredential/troubleshoot)
       ---&gt; Azure.Identity.CredentialUnavailableException: EnvironmentCredential authentication unavailable. Environment variables are not fully configured. See the troubleshooting guide for more information. https://aka.ms/azsdk/net/identity/environmentcredential/troubleshoot
         at Azure.Identity.CredentialDiagnosticScope.FailWrapAndThrow(Exception ex, String additionalMessage, Boolean isCredentialUnavailable)
         at Azure.Identity.EnvironmentCredential.GetTokenImplAsync(Boolean async, TokenRequestContext requestContext, CancellationToken cancellationToken)
         at Azure.Identity.EnvironmentCredential.GetTokenAsync(TokenRequestContext requestContext, CancellationToken cancellationToken)
         at Azure.Identity.DefaultAzureCredential.GetTokenFromSourcesAsync(TokenCredential[] sources, TokenRequestContext requestContext, Boolean async, CancellationToken cancellationToken)
         --- End of inner exception stack trace ---
       ---&gt; (Inner Exception #1) Azure.Identity.CredentialUnavailableException: WorkloadIdentityCredential authentication unavailable. The workload options are not fully configured. See the troubleshooting guide for more information. https://aka.ms/azsdk/net/identity/workloadidentitycredential/troubleshoot
         at Azure.Identity.WorkloadIdentityCredential.GetTokenCoreAsync(Boolean async, TokenRequestContext requestContext, CancellationToken cancellationToken)
         at Azure.Identity.CredentialDiagnosticScope.FailWrapAndThrow(Exception ex, String additionalMessage, Boolean isCredentialUnavailable)
         at Azure.Identity.WorkloadIdentityCredential.GetTokenCoreAsync(Boolean async, TokenRequestContext requestContext, CancellationToken cancellationToken)
         at Azure.Identity.WorkloadIdentityCredential.GetTokenAsync(TokenRequestContext requestContext, CancellationToken cancellationToken)
         at Azure.Identity.DefaultAzureCredential.GetTokenFromSourcesAsync(TokenCredential[] sources, TokenRequestContext requestContext, Boolean async, CancellationToken cancellationToken)&lt;---
       ---&gt; (Inner Exception #2) Azure.Identity.CredentialUnavailableException: ManagedIdentityCredential authentication unavailable. No response received from the managed identity endpoint.
       ---&gt; System.Threading.Tasks.TaskCanceledException: The operation was cancelled because it exceeded the configured timeout of 0:00:01. Network timeout can be adjusted in ClientOptions.Retry.NetworkTimeout.
       ---&gt; System.Threading.Tasks.TaskCanceledException: A task was canceled.
       ---&gt; System.Threading.Tasks.TaskCanceledException: A task was canceled.
         at System.Threading.Tasks.TaskCompletionSourceWithCancellation`1.WaitWithCancellationAsync(CancellationToken cancellationToken)
         at System.Net.Http.HttpConnectionPool.HttpConnectionWaiter`1.WaitForConnectionWithTelemetryAsync(HttpRequestMessage request, HttpConnectionPool pool, Boolean async, CancellationToken requestCancellationToken)
         at System.Net.Http.HttpConnectionPool.SendWithVersionDetectionAndRetryAsync(HttpRequestMessage request, Boolean async, Boolean doRequestAuth, CancellationToken cancellationToken)
         at System.Net.Http.DiagnosticsHandler.SendAsyncCore(HttpRequestMessage request, Boolean async, CancellationToken cancellationToken)
         at System.Net.Http.Metrics.MetricsHandler.SendAsyncWithMetrics(HttpRequestMessage request, Boolean async, CancellationToken cancellationToken)
         at System.Net.Http.HttpClient.&lt;SendAsync&gt;g__Core|83_0(HttpRequestMessage request, HttpCompletionOption completionOption, CancellationTokenSource cts, Boolean disposeCts, CancellationTokenSource pendingRequestsCts, CancellationToken originalCancellationToken)
         --- End of inner exception stack trace ---
         at System.Net.Http.HttpClient.HandleFailure(Exception e, Boolean telemetryStarted, HttpResponseMessage response, CancellationTokenSource cts, CancellationToken cancellationToken, CancellationTokenSource pendingRequestsCts)
         at System.Net.Http.HttpClient.&lt;SendAsync&gt;g__Core|83_0(HttpRequestMessage request, HttpCompletionOption completionOption, CancellationTokenSource cts, Boolean disposeCts, CancellationTokenSource pendingRequestsCts, CancellationToken originalCancellationToken)
         at Azure.Core.Pipeline.HttpClientTransport.ProcessSyncOrAsync(HttpMessage message, Boolean async)
         at Azure.Core.Pipeline.HttpPipelineTransportPolicy.ProcessAsync(HttpMessage message, ReadOnlyMemory`1 pipeline)
         at Azure.Core.Pipeline.RequestActivityPolicy.ProcessAsync(HttpMessage message, ReadOnlyMemory`1 pipeline, Boolean async)
         at Azure.Core.Pipeline.ResponseBodyPolicy.ProcessAsync(HttpMessage message, ReadOnlyMemory`1 pipeline, Boolean async)
         --- End of inner exception stack trace ---
         at Azure.Core.Pipeline.ResponseBodyPolicy.ThrowIfCancellationRequestedOrTimeout(CancellationToken originalToken, CancellationToken timeoutToken, Exception inner, TimeSpan timeout)
         at Azure.Core.Pipeline.ResponseBodyPolicy.ProcessAsync(HttpMessage message, ReadOnlyMemory`1 pipeline, Boolean async)
         at Azure.Core.Pipeline.RedirectPolicy.ProcessAsync(HttpMessage message, ReadOnlyMemory`1 pipeline, Boolean async)
         at Azure.Core.Pipeline.RetryPolicy.ProcessAsync(HttpMessage message, ReadOnlyMemory`1 pipeline, Boolean async)
         at Azure.Core.Pipeline.RetryPolicy.ProcessAsync(HttpMessage message, ReadOnlyMemory`1 pipeline, Boolean async)
         at Azure.Identity.ManagedIdentitySource.AuthenticateAsync(Boolean async, TokenRequestContext context, CancellationToken cancellationToken)
         at Azure.Identity.ImdsManagedIdentityProbeSource.AuthenticateAsync(Boolean async, TokenRequestContext context, CancellationToken cancellationToken)
         --- End of inner exception stack trace ---
         at Azure.Identity.ImdsManagedIdentityProbeSource.AuthenticateAsync(Boolean async, TokenRequestContext context, CancellationToken cancellationToken)
         at Azure.Identity.ManagedIdentityClient.AuthenticateCoreAsync(Boolean async, TokenRequestContext context, CancellationToken cancellationToken)
         at Azure.Identity.ManagedIdentityClient.AuthenticateAsync(Boolean async, TokenRequestContext context, CancellationToken cancellationToken)
         at Azure.Identity.ManagedIdentityCredential.GetTokenImplAsync(Boolean async, TokenRequestContext requestContext, CancellationToken cancellationToken)
         at Azure.Identity.CredentialDiagnosticScope.FailWrapAndThrow(Exception ex, String additionalMessage, Boolean isCredentialUnavailable)
         at Azure.Identity.ManagedIdentityCredential.GetTokenImplAsync(Boolean async, TokenRequestContext requestContext, CancellationToken cancellationToken)
         at Azure.Identity.ManagedIdentityCredential.GetTokenAsync(TokenRequestContext requestContext, CancellationToken cancellationToken)
         at Azure.Identity.DefaultAzureCredential.GetTokenFromSourcesAsync(TokenCredential[] sources, TokenRequestContext requestContext, Boolean async, CancellationToken cancellationToken)&lt;---
       ---&gt; (Inner Exception #3) Azure.Identity.CredentialUnavailableException: VisualStudioCredential authentication failed: Visual Studio Token provider can't be accessed at /home/runner/.IdentityService/AzureServiceAuth/tokenprovider.json
       ---&gt; Azure.Identity.CredentialUnavailableException: Visual Studio Token provider can't be accessed at /home/runner/.IdentityService/AzureServiceAuth/tokenprovider.json
       ---&gt; System.IO.DirectoryNotFoundException: Could not find a part of the path '/home/runner/.IdentityService/AzureServiceAuth/tokenprovider.json'.
         at Interop.ThrowExceptionForIoErrno(ErrorInfo errorInfo, String path, Boolean isDirError)
         at Microsoft.Win32.SafeHandles.SafeFileHandle.Open(String fullPath, FileMode mode, FileAccess access, FileShare share, FileOptions options, Int64 preallocationSize, UnixFileMode openPermissions, Int64&amp; fileLength, UnixFileMode&amp; filePermissions, Boolean failForSymlink, Boolean&amp; wasSymlink, Func`4 createOpenException)
         at System.IO.Strategies.OSFileStreamStrategy..ctor(String path, FileMode mode, FileAccess access, FileShare share, FileOptions options, Int64 preallocationSize, Nullable`1 unixCreateMode)
         at System.IO.StreamReader.ValidateArgsAndOpenPath(String path, Encoding encoding, Int32 bufferSize)
         at System.IO.File.ReadAllText(String path, Encoding encoding)
         at Azure.Identity.FileSystemService.ReadAllText(String path)
         at Azure.Identity.VisualStudioCredential.GetTokenProviderContent(String tokenProviderPath)
         --- End of inner exception stack trace ---
         at Azure.Identity.VisualStudioCredential.GetTokenProviderContent(String tokenProviderPath)
         at Azure.Identity.VisualStudioCredential.GetTokenProviders(String tokenProviderPath)
         at Azure.Identity.VisualStudioCredential.GetTokenImplAsync(TokenRequestContext requestContext, Boolean async, CancellationToken cancellationToken)
         --- End of inner exception stack trace ---
         at Azure.Identity.CredentialDiagnosticScope.FailWrapAndThrow(Exception ex, String additionalMessage, Boolean isCredentialUnavailable)
         at Azure.Identity.VisualStudioCredential.GetTokenImplAsync(TokenRequestContext requestContext, Boolean async, CancellationToken cancellationToken)
         at Azure.Identity.VisualStudioCredential.GetTokenAsync(TokenRequestContext requestContext, CancellationToken cancellationToken)
         at Azure.Identity.DefaultAzureCredential.GetTokenFromSourcesAsync(TokenCredential[] sources, TokenRequestContext requestContext, Boolean async, CancellationToken cancellationToken)&lt;---
       ---&gt; (Inner Exception #4) Azure.Identity.CredentialUnavailableException: VisualStudioCodeCredential requires the Azure.Identity.Broker package to be referenced from the project. VS Code Azure See the troubleshooting guide for more information. https://aka.ms/azsdk/net/identity/vscodecredential/troubleshoot
         at Azure.Identity.VisualStudioCodeCredential.GetTokenImpl(Boolean async, TokenRequestContext requestContext, CancellationToken cancellationToken)
         at Azure.Identity.VisualStudioCodeCredential.GetTokenAsync(TokenRequestContext requestContext, CancellationToken cancellationToken)
         at Azure.Identity.DefaultAzureCredential.GetTokenFromSourcesAsync(TokenCredential[] sources, TokenRequestContext requestContext, Boolean async, CancellationToken cancellationToken)&lt;---
       ---&gt; (Inner Exception #5) Azure.Identity.CredentialUnavailableException: AzureCliCredential authentication failed: Please run 'az login' to set up account
       ---&gt; Azure.Identity.CredentialUnavailableException: Please run 'az login' to set up account
         at Azure.Identity.AzureCliCredential.RequestCliAccessTokenAsync(Boolean async, TokenRequestContext context, CancellationToken cancellationToken)
         at Azure.Identity.AzureCliCredential.GetTokenImplAsync(Boolean async, TokenRequestContext requestContext, CancellationToken cancellationToken)
         --- End of inner exception stack trace ---
         at Azure.Identity.CredentialDiagnosticScope.FailWrapAndThrow(Exception ex, String additionalMessage, Boolean isCredentialUnavailable)
         at Azure.Identity.AzureCliCredential.GetTokenImplAsync(Boolean async, TokenRequestContext requestContext, CancellationToken cancellationToken)
         at Azure.Identity.AzureCliCredential.GetTokenAsync(TokenRequestContext requestContext, CancellationToken cancellationToken)
         at Azure.Identity.DefaultAzureCredential.GetTokenFromSourcesAsync(TokenCredential[] sources, TokenRequestContext requestContext, Boolean async, CancellationToken cancellationToken)&lt;---
       ---&gt; (Inner Exception #6) Azure.Identity.CredentialUnavailableException: AzurePowerShellCredential authentication failed: Please run 'Connect-AzAccount' to set up account.
       ---&gt; Azure.Identity.CredentialUnavailableException: Please run 'Connect-AzAccount' to set up account.
         at Azure.Identity.AzurePowerShellCredential.CheckForErrors(String output, Int32 exitCode)
         at Azure.Identity.AzurePowerShellCredential.RequestAzurePowerShellAccessTokenAsync(Boolean async, TokenRequestContext context, CancellationToken cancellationToken)
         at Azure.Identity.AzurePowerShellCredential.GetTokenImplAsync(Boolean async, TokenRequestContext requestContext, CancellationToken cancellationToken)
         --- End of inner exception stack trace ---
         at Azure.Identity.CredentialDiagnosticScope.FailWrapAndThrow(Exception ex, String additionalMessage, Boolean isCredentialUnavailable)
         at Azure.Identity.AzurePowerShellCredential.GetTokenImplAsync(Boolean async, TokenRequestContext requestContext, CancellationToken cancellationToken)
         at Azure.Identity.AzurePowerShellCredential.GetTokenAsync(TokenRequestContext requestContext, CancellationToken cancellationToken)
         at Azure.Identity.DefaultAzureCredential.GetTokenFromSourcesAsync(TokenCredential[] sources, TokenRequestContext requestContext, Boolean async, CancellationToken cancellationToken)&lt;---
       ---&gt; (Inner Exception #7) Azure.Identity.CredentialUnavailableException: AzureDeveloperCliCredential authentication failed: Azure Developer CLI could not be found.
       ---&gt; Azure.Identity.CredentialUnavailableException: Azure Developer CLI could not be found.
         at Azure.Identity.AzureDeveloperCliCredential.RequestCliAccessTokenAsync(Boolean async, TokenRequestContext context, CancellationToken cancellationToken)
         at Azure.Identity.AzureDeveloperCliCredential.GetTokenImplAsync(Boolean async, TokenRequestContext requestContext, CancellationToken cancellationToken)
         --- End of inner exception stack trace ---
         at Azure.Identity.CredentialDiagnosticScope.FailWrapAndThrow(Exception ex, String additionalMessage, Boolean isCredentialUnavailable)
         at Azure.Identity.AzureDeveloperCliCredential.GetTokenImplAsync(Boolean async, TokenRequestContext requestContext, CancellationToken cancellationToken)
         at Azure.Identity.AzureDeveloperCliCredential.GetTokenAsync(TokenRequestContext requestContext, CancellationToken cancellationToken)
         at Azure.Identity.DefaultAzureCredential.GetTokenFromSourcesAsync(TokenCredential[] sources, TokenRequestContext requestContext, Boolean async, CancellationToken cancellationToken)&lt;---
       ---&gt; (Inner Exception #8) Azure.Identity.CredentialUnavailableException: The BrokerCredential requires the Azure.Identity.Broker package to be referenced. See the troubleshooting guide for more information. https://aka.ms/azsdk/net/identity/brokercredential/troubleshoot
         at Azure.Identity.BrokerCredential.GetTokenImpl(Boolean async, TokenRequestContext requestContext, CancellationToken cancellationToken)
         at Azure.Identity.BrokerCredential.GetTokenAsync(TokenRequestContext requestContext, CancellationToken cancellationToken)
         at Azure.Identity.DefaultAzureCredential.GetTokenFromSourcesAsync(TokenCredential[] sources, TokenRequestContext requestContext, Boolean async, CancellationToken cancellationToken)&lt;---
         --- End of inner exception stack trace ---
         at Azure.Identity.DefaultAzureCredential.GetTokenFromSourcesAsync(TokenCredential[] sources, TokenRequestContext requestContext, Boolean async, CancellationToken cancellationToken)
         at Azure.Identity.DefaultAzureCredential.GetTokenImplAsync(Boolean async, TokenRequestContext requestContext, CancellationToken cancellationToken)
         at Azure.Identity.CredentialDiagnosticScope.FailWrapAndThrow(Exception ex, String additionalMessage, Boolean isCredentialUnavailable)
         at Azure.Identity.DefaultAzureCredential.GetTokenImplAsync(Boolean async, TokenRequestContext requestContext, CancellationToken cancellationToken)
         at Azure.Identity.DefaultAzureCredential.GetTokenAsync(TokenRequestContext requestContext, CancellationToken cancellationToken)
         at Azure.AI.OpenAI.AzureTokenAuthenticationPolicy.ProcessAsync(PipelineMessage message, IReadOnlyList`1 pipeline, Int32 currentIndex)
         at System.ClientModel.Primitives.PipelinePolicy.ProcessNextAsync(PipelineMessage message, IReadOnlyList`1 pipeline, Int32 currentIndex)
         at System.ClientModel.Primitives.ClientRetryPolicy.ProcessSyncOrAsync(PipelineMessage message, IReadOnlyList`1 pipeline, Int32 currentIndex, Boolean async)
         at System.ClientModel.Primitives.ClientRetryPolicy.ProcessSyncOrAsync(PipelineMessage message, IReadOnlyList`1 pipeline, Int32 currentIndex, Boolean async)
         at System.ClientModel.Primitives.ClientRetryPolicy.ProcessAsync(PipelineMessage message, IReadOnlyList`1 pipeline, Int32 currentIndex)
         at System.ClientModel.Primitives.PipelinePolicy.ProcessNextAsync(PipelineMessage message, IReadOnlyList`1 pipeline, Int32 currentIndex)
         at Azure.AI.OpenAI.GenericActionPipelinePolicy.ProcessAsync(PipelineMessage message, IReadOnlyList`1 pipeline, Int32 currentIndex)
         at System.ClientModel.Primitives.PipelinePolicy.ProcessNextAsync(PipelineMessage message, IReadOnlyList`1 pipeline, Int32 currentIndex)
         at Azure.AI.OpenAI.GenericActionPipelinePolicy.ProcessAsync(PipelineMessage message, IReadOnlyList`1 pipeline, Int32 currentIndex)
         at System.ClientModel.Primitives.ClientPipeline.SendAsync(PipelineMessage message)
         at Azure.AI.OpenAI.ClientPipelineExtensions.ProcessMessageAsync(ClientPipeline pipeline, PipelineMessage message, RequestOptions options)
         at Azure.AI.OpenAI.Chat.AzureChatClient.CompleteChatAsync(BinaryContent content, RequestOptions options)
         at OpenAI.Chat.ChatClient.CompleteChatAsync(IEnumerable`1 messages, ChatCompletionOptions options, CancellationToken cancellationToken)
         at LegalRagApp.Services.QueryRewriteService.RewriteAsync(String question, CancellationToken cancellationToken) in /home/runner/work/azure-enterprise-bicep/azure-enterprise-bicep/src/Services/QueryRewriteService.cs:line 39
info: LegalRagApp.Controllers.AskController[0]
      AskRequest rewrite completed. TraceId=0HNJVMNPC14SN ConversationId=c1 RewriteDurationMs=2605
info: LegalRagApp.Controllers.AskController[0]
      AskRequest retrieval completed. TraceId=0HNJVMNPC14SN ConversationId=c1 MatterId=MATTER-001 RetrievedChunkCount=1 AverageScore=0.9 RetrievalDurationMs=0
info: LegalRagApp.Controllers.AskController[0]
      AskRequest memory loaded. TraceId=0HNJVMNPC14SN ConversationId=c1 MessageCount=0 MemoryDurationMs=0
info: LegalRagApp.Controllers.AskController[0]
      AskRequest generation completed. TraceId=0HNJVMNPC14SN ConversationId=c1 PromptTokens=0 CompletionTokens=0 EstimatedCost=0 GenerationDurationMs=1
info: LegalRagApp.Controllers.AskController[0]
      AskRequest completed. TraceId=0HNJVMNPC14SN ConversationId=c1 MatterId=MATTER-001 Filter= RetrievedChunkCount=1 Confidence=low DurationMs=2609
info: LegalRagApp.Middleware.CostTrackingMiddleware[0]
      COST_AI_QUERY user=authorized@firm.com promptTokens=0 completionTokens=0 estimatedCost=0
info: LegalRagApp.Services.AuditService[0]
      AUDIT_AI_QUERY {"userId":"authorized@firm.com","question":"What is the termination clause?","rewrittenQuery":"What is the termination clause?","timestamp":"2026-03-11T21:34:22.8296184+00:00","documentsRetrieved":["master-services-agreement.pdf"],"modelUsed":"fake-chat","confidence":"low","promptTokens":0,"completionTokens":0,"estimatedCost":0,"responseTimeMs":2609}
warn: LegalRagApp[0]
      Authorization bypass is enabled for Development. Do not enable this outside local debugging.
warn: LegalRagApp[0]
      Matter-level claim authorization bypass is enabled for Development. Do not enable this outside local debugging.
info: LegalRagApp.Controllers.AskController[0]
      AskRequest started. TraceId=0HNJVMNPC14SO ConversationId=c2 MatterId=MATTER-001 QuestionLength=31
warn: LegalRagApp.Services.QueryRewriteService[0]
      Query rewrite failed. Falling back to original question.
      Azure.Identity.CredentialUnavailableException: DefaultAzureCredential failed to retrieve a token from the included credentials. See the troubleshooting guide for more information. https://aka.ms/azsdk/net/identity/defaultazurecredential/troubleshoot
      - EnvironmentCredential authentication unavailable. Environment variables are not fully configured. See the troubleshooting guide for more information. https://aka.ms/azsdk/net/identity/environmentcredential/troubleshoot
      - WorkloadIdentityCredential authentication unavailable. The workload options are not fully configured. See the troubleshooting guide for more information. https://aka.ms/azsdk/net/identity/workloadidentitycredential/troubleshoot
      - ManagedIdentityCredential authentication unavailable. No response received from the managed identity endpoint.
      - VisualStudioCredential authentication failed: Visual Studio Token provider can't be accessed at /home/runner/.IdentityService/AzureServiceAuth/tokenprovider.json
      - VisualStudioCodeCredential requires the Azure.Identity.Broker package to be referenced from the project. VS Code Azure See the troubleshooting guide for more information. https://aka.ms/azsdk/net/identity/vscodecredential/troubleshoot
      - AzureCliCredential authentication failed: Please run 'az login' to set up account
      - AzurePowerShellCredential authentication failed: Please run 'Connect-AzAccount' to set up account.
      - AzureDeveloperCliCredential authentication failed: Azure Developer CLI could not be found.
      - The BrokerCredential requires the Azure.Identity.Broker package to be referenced. See the troubleshooting guide for more information. https://aka.ms/azsdk/net/identity/brokercredential/troubleshoot
       ---&gt; System.AggregateException: Multiple exceptions were encountered while attempting to authenticate. (EnvironmentCredential authentication unavailable. Environment variables are not fully configured. See the troubleshooting guide for more information. https://aka.ms/azsdk/net/identity/environmentcredential/troubleshoot) (WorkloadIdentityCredential authentication unavailable. The workload options are not fully configured. See the troubleshooting guide for more information. https://aka.ms/azsdk/net/identity/workloadidentitycredential/troubleshoot) (ManagedIdentityCredential authentication unavailable. No response received from the managed identity endpoint.) (VisualStudioCredential authentication failed: Visual Studio Token provider can't be accessed at /home/runner/.IdentityService/AzureServiceAuth/tokenprovider.json) (VisualStudioCodeCredential requires the Azure.Identity.Broker package to be referenced from the project. VS Code Azure See the troubleshooting guide for more information. https://aka.ms/azsdk/net/identity/vscodecredential/troubleshoot) (AzureCliCredential authentication failed: Please run 'az login' to set up account) (AzurePowerShellCredential authentication failed: Please run 'Connect-AzAccount' to set up account.) (AzureDeveloperCliCredential authentication failed: Azure Developer CLI could not be found.) (The BrokerCredential requires the Azure.Identity.Broker package to be referenced. See the troubleshooting guide for more information. https://aka.ms/azsdk/net/identity/brokercredential/troubleshoot)
       ---&gt; Azure.Identity.CredentialUnavailableException: EnvironmentCredential authentication unavailable. Environment variables are not fully configured. See the troubleshooting guide for more information. https://aka.ms/azsdk/net/identity/environmentcredential/troubleshoot
         at Azure.Identity.CredentialDiagnosticScope.FailWrapAndThrow(Exception ex, String additionalMessage, Boolean isCredentialUnavailable)
         at Azure.Identity.EnvironmentCredential.GetTokenImplAsync(Boolean async, TokenRequestContext requestContext, CancellationToken cancellationToken)
         at Azure.Identity.EnvironmentCredential.GetTokenAsync(TokenRequestContext requestContext, CancellationToken cancellationToken)
         at Azure.Identity.DefaultAzureCredential.GetTokenFromSourcesAsync(TokenCredential[] sources, TokenRequestContext requestContext, Boolean async, CancellationToken cancellationToken)
         --- End of inner exception stack trace ---
       ---&gt; (Inner Exception #1) Azure.Identity.CredentialUnavailableException: WorkloadIdentityCredential authentication unavailable. The workload options are not fully configured. See the troubleshooting guide for more information. https://aka.ms/azsdk/net/identity/workloadidentitycredential/troubleshoot
         at Azure.Identity.WorkloadIdentityCredential.GetTokenCoreAsync(Boolean async, TokenRequestContext requestContext, CancellationToken cancellationToken)
         at Azure.Identity.CredentialDiagnosticScope.FailWrapAndThrow(Exception ex, String additionalMessage, Boolean isCredentialUnavailable)
         at Azure.Identity.WorkloadIdentityCredential.GetTokenCoreAsync(Boolean async, TokenRequestContext requestContext, CancellationToken cancellationToken)
         at Azure.Identity.WorkloadIdentityCredential.GetTokenAsync(TokenRequestContext requestContext, CancellationToken cancellationToken)
         at Azure.Identity.DefaultAzureCredential.GetTokenFromSourcesAsync(TokenCredential[] sources, TokenRequestContext requestContext, Boolean async, CancellationToken cancellationToken)&lt;---
       ---&gt; (Inner Exception #2) Azure.Identity.CredentialUnavailableException: ManagedIdentityCredential authentication unavailable. No response received from the managed identity endpoint.
       ---&gt; System.Threading.Tasks.TaskCanceledException: The operation was cancelled because it exceeded the configured timeout of 0:00:01. Network timeout can be adjusted in ClientOptions.Retry.NetworkTimeout.
       ---&gt; System.Threading.Tasks.TaskCanceledException: A task was canceled.
       ---&gt; System.Threading.Tasks.TaskCanceledException: A task was canceled.
         at System.Threading.Tasks.TaskCompletionSourceWithCancellation`1.WaitWithCancellationAsync(CancellationToken cancellationToken)
         at System.Net.Http.HttpConnectionPool.HttpConnectionWaiter`1.WaitForConnectionWithTelemetryAsync(HttpRequestMessage request, HttpConnectionPool pool, Boolean async, CancellationToken requestCancellationToken)
         at System.Net.Http.HttpConnectionPool.SendWithVersionDetectionAndRetryAsync(HttpRequestMessage request, Boolean async, Boolean doRequestAuth, CancellationToken cancellationToken)
         at System.Net.Http.DiagnosticsHandler.SendAsyncCore(HttpRequestMessage request, Boolean async, CancellationToken cancellationToken)
         at System.Net.Http.Metrics.MetricsHandler.SendAsyncWithMetrics(HttpRequestMessage request, Boolean async, CancellationToken cancellationToken)
         at System.Net.Http.HttpClient.&lt;SendAsync&gt;g__Core|83_0(HttpRequestMessage request, HttpCompletionOption completionOption, CancellationTokenSource cts, Boolean disposeCts, CancellationTokenSource pendingRequestsCts, CancellationToken originalCancellationToken)
         --- End of inner exception stack trace ---
         at System.Net.Http.HttpClient.HandleFailure(Exception e, Boolean telemetryStarted, HttpResponseMessage response, CancellationTokenSource cts, CancellationToken cancellationToken, CancellationTokenSource pendingRequestsCts)
         at System.Net.Http.HttpClient.&lt;SendAsync&gt;g__Core|83_0(HttpRequestMessage request, HttpCompletionOption completionOption, CancellationTokenSource cts, Boolean disposeCts, CancellationTokenSource pendingRequestsCts, CancellationToken originalCancellationToken)
         at Azure.Core.Pipeline.HttpClientTransport.ProcessSyncOrAsync(HttpMessage message, Boolean async)
         at Azure.Core.Pipeline.HttpPipelineTransportPolicy.ProcessAsync(HttpMessage message, ReadOnlyMemory`1 pipeline)
         at Azure.Core.Pipeline.RequestActivityPolicy.ProcessAsync(HttpMessage message, ReadOnlyMemory`1 pipeline, Boolean async)
         at Azure.Core.Pipeline.ResponseBodyPolicy.ProcessAsync(HttpMessage message, ReadOnlyMemory`1 pipeline, Boolean async)
         --- End of inner exception stack trace ---
         at Azure.Core.Pipeline.ResponseBodyPolicy.ThrowIfCancellationRequestedOrTimeout(CancellationToken originalToken, CancellationToken timeoutToken, Exception inner, TimeSpan timeout)
         at Azure.Core.Pipeline.ResponseBodyPolicy.ProcessAsync(HttpMessage message, ReadOnlyMemory`1 pipeline, Boolean async)
         at Azure.Core.Pipeline.RedirectPolicy.ProcessAsync(HttpMessage message, ReadOnlyMemory`1 pipeline, Boolean async)
         at Azure.Core.Pipeline.RetryPolicy.ProcessAsync(HttpMessage message, ReadOnlyMemory`1 pipeline, Boolean async)
         at Azure.Core.Pipeline.RetryPolicy.ProcessAsync(HttpMessage message, ReadOnlyMemory`1 pipeline, Boolean async)
         at Azure.Identity.ManagedIdentitySource.AuthenticateAsync(Boolean async, TokenRequestContext context, CancellationToken cancellationToken)
         at Azure.Identity.ImdsManagedIdentityProbeSource.AuthenticateAsync(Boolean async, TokenRequestContext context, CancellationToken cancellationToken)
         --- End of inner exception stack trace ---
         at Azure.Identity.ImdsManagedIdentityProbeSource.AuthenticateAsync(Boolean async, TokenRequestContext context, CancellationToken cancellationToken)
         at Azure.Identity.ManagedIdentityClient.AuthenticateCoreAsync(Boolean async, TokenRequestContext context, CancellationToken cancellationToken)
         at Azure.Identity.ManagedIdentityClient.AuthenticateAsync(Boolean async, TokenRequestContext context, CancellationToken cancellationToken)
         at Azure.Identity.ManagedIdentityCredential.GetTokenImplAsync(Boolean async, TokenRequestContext requestContext, CancellationToken cancellationToken)
         at Azure.Identity.CredentialDiagnosticScope.FailWrapAndThrow(Exception ex, String additionalMessage, Boolean isCredentialUnavailable)
         at Azure.Identity.ManagedIdentityCredential.GetTokenImplAsync(Boolean async, TokenRequestContext requestContext, CancellationToken cancellationToken)
         at Azure.Identity.ManagedIdentityCredential.GetTokenAsync(TokenRequestContext requestContext, CancellationToken cancellationToken)
         at Azure.Identity.DefaultAzureCredential.GetTokenFromSourcesAsync(TokenCredential[] sources, TokenRequestContext requestContext, Boolean async, CancellationToken cancellationToken)&lt;---
       ---&gt; (Inner Exception #3) Azure.Identity.CredentialUnavailableException: VisualStudioCredential authentication failed: Visual Studio Token provider can't be accessed at /home/runner/.IdentityService/AzureServiceAuth/tokenprovider.json
       ---&gt; Azure.Identity.CredentialUnavailableException: Visual Studio Token provider can't be accessed at /home/runner/.IdentityService/AzureServiceAuth/tokenprovider.json
       ---&gt; System.IO.DirectoryNotFoundException: Could not find a part of the path '/home/runner/.IdentityService/AzureServiceAuth/tokenprovider.json'.
         at Interop.ThrowExceptionForIoErrno(ErrorInfo errorInfo, String path, Boolean isDirError)
         at Microsoft.Win32.SafeHandles.SafeFileHandle.Open(String fullPath, FileMode mode, FileAccess access, FileShare share, FileOptions options, Int64 preallocationSize, UnixFileMode openPermissions, Int64&amp; fileLength, UnixFileMode&amp; filePermissions, Boolean failForSymlink, Boolean&amp; wasSymlink, Func`4 createOpenException)
         at System.IO.Strategies.OSFileStreamStrategy..ctor(String path, FileMode mode, FileAccess access, FileShare share, FileOptions options, Int64 preallocationSize, Nullable`1 unixCreateMode)
         at System.IO.StreamReader.ValidateArgsAndOpenPath(String path, Encoding encoding, Int32 bufferSize)
         at System.IO.File.ReadAllText(String path, Encoding encoding)
         at Azure.Identity.FileSystemService.ReadAllText(String path)
         at Azure.Identity.VisualStudioCredential.GetTokenProviderContent(String tokenProviderPath)
         --- End of inner exception stack trace ---
         at Azure.Identity.VisualStudioCredential.GetTokenProviderContent(String tokenProviderPath)
         at Azure.Identity.VisualStudioCredential.GetTokenProviders(String tokenProviderPath)
         at Azure.Identity.VisualStudioCredential.GetTokenImplAsync(TokenRequestContext requestContext, Boolean async, CancellationToken cancellationToken)
         --- End of inner exception stack trace ---
         at Azure.Identity.CredentialDiagnosticScope.FailWrapAndThrow(Exception ex, String additionalMessage, Boolean isCredentialUnavailable)
         at Azure.Identity.VisualStudioCredential.GetTokenImplAsync(TokenRequestContext requestContext, Boolean async, CancellationToken cancellationToken)
         at Azure.Identity.VisualStudioCredential.GetTokenAsync(TokenRequestContext requestContext, CancellationToken cancellationToken)
         at Azure.Identity.DefaultAzureCredential.GetTokenFromSourcesAsync(TokenCredential[] sources, TokenRequestContext requestContext, Boolean async, CancellationToken cancellationToken)&lt;---
       ---&gt; (Inner Exception #4) Azure.Identity.CredentialUnavailableException: VisualStudioCodeCredential requires the Azure.Identity.Broker package to be referenced from the project. VS Code Azure See the troubleshooting guide for more information. https://aka.ms/azsdk/net/identity/vscodecredential/troubleshoot
         at Azure.Identity.VisualStudioCodeCredential.GetTokenImpl(Boolean async, TokenRequestContext requestContext, CancellationToken cancellationToken)
         at Azure.Identity.VisualStudioCodeCredential.GetTokenAsync(TokenRequestContext requestContext, CancellationToken cancellationToken)
         at Azure.Identity.DefaultAzureCredential.GetTokenFromSourcesAsync(TokenCredential[] sources, TokenRequestContext requestContext, Boolean async, CancellationToken cancellationToken)&lt;---
       ---&gt; (Inner Exception #5) Azure.Identity.CredentialUnavailableException: AzureCliCredential authentication failed: Please run 'az login' to set up account
       ---&gt; Azure.Identity.CredentialUnavailableException: Please run 'az login' to set up account
         at Azure.Identity.AzureCliCredential.RequestCliAccessTokenAsync(Boolean async, TokenRequestContext context, CancellationToken cancellationToken)
         at Azure.Identity.AzureCliCredential.GetTokenImplAsync(Boolean async, TokenRequestContext requestContext, CancellationToken cancellationToken)
         --- End of inner exception stack trace ---
         at Azure.Identity.CredentialDiagnosticScope.FailWrapAndThrow(Exception ex, String additionalMessage, Boolean isCredentialUnavailable)
         at Azure.Identity.AzureCliCredential.GetTokenImplAsync(Boolean async, TokenRequestContext requestContext, CancellationToken cancellationToken)
         at Azure.Identity.AzureCliCredential.GetTokenAsync(TokenRequestContext requestContext, CancellationToken cancellationToken)
         at Azure.Identity.DefaultAzureCredential.GetTokenFromSourcesAsync(TokenCredential[] sources, TokenRequestContext requestContext, Boolean async, CancellationToken cancellationToken)&lt;---
       ---&gt; (Inner Exception #6) Azure.Identity.CredentialUnavailableException: AzurePowerShellCredential authentication failed: Please run 'Connect-AzAccount' to set up account.
       ---&gt; Azure.Identity.CredentialUnavailableException: Please run 'Connect-AzAccount' to set up account.
         at Azure.Identity.AzurePowerShellCredential.CheckForErrors(String output, Int32 exitCode)
         at Azure.Identity.AzurePowerShellCredential.RequestAzurePowerShellAccessTokenAsync(Boolean async, TokenRequestContext context, CancellationToken cancellationToken)
         at Azure.Identity.AzurePowerShellCredential.GetTokenImplAsync(Boolean async, TokenRequestContext requestContext, CancellationToken cancellationToken)
         --- End of inner exception stack trace ---
         at Azure.Identity.CredentialDiagnosticScope.FailWrapAndThrow(Exception ex, String additionalMessage, Boolean isCredentialUnavailable)
         at Azure.Identity.AzurePowerShellCredential.GetTokenImplAsync(Boolean async, TokenRequestContext requestContext, CancellationToken cancellationToken)
         at Azure.Identity.AzurePowerShellCredential.GetTokenAsync(TokenRequestContext requestContext, CancellationToken cancellationToken)
         at Azure.Identity.DefaultAzureCredential.GetTokenFromSourcesAsync(TokenCredential[] sources, TokenRequestContext requestContext, Boolean async, CancellationToken cancellationToken)&lt;---
       ---&gt; (Inner Exception #7) Azure.Identity.CredentialUnavailableException: AzureDeveloperCliCredential authentication failed: Azure Developer CLI could not be found.
       ---&gt; Azure.Identity.CredentialUnavailableException: Azure Developer CLI could not be found.
         at Azure.Identity.AzureDeveloperCliCredential.RequestCliAccessTokenAsync(Boolean async, TokenRequestContext context, CancellationToken cancellationToken)
         at Azure.Identity.AzureDeveloperCliCredential.GetTokenImplAsync(Boolean async, TokenRequestContext requestContext, CancellationToken cancellationToken)
         --- End of inner exception stack trace ---
         at Azure.Identity.CredentialDiagnosticScope.FailWrapAndThrow(Exception ex, String additionalMessage, Boolean isCredentialUnavailable)
         at Azure.Identity.AzureDeveloperCliCredential.GetTokenImplAsync(Boolean async, TokenRequestContext requestContext, CancellationToken cancellationToken)
         at Azure.Identity.AzureDeveloperCliCredential.GetTokenAsync(TokenRequestContext requestContext, CancellationToken cancellationToken)
         at Azure.Identity.DefaultAzureCredential.GetTokenFromSourcesAsync(TokenCredential[] sources, TokenRequestContext requestContext, Boolean async, CancellationToken cancellationToken)&lt;---
       ---&gt; (Inner Exception #8) Azure.Identity.CredentialUnavailableException: The BrokerCredential requires the Azure.Identity.Broker package to be referenced. See the troubleshooting guide for more information. https://aka.ms/azsdk/net/identity/brokercredential/troubleshoot
         at Azure.Identity.BrokerCredential.GetTokenImpl(Boolean async, TokenRequestContext requestContext, CancellationToken cancellationToken)
         at Azure.Identity.BrokerCredential.GetTokenAsync(TokenRequestContext requestContext, CancellationToken cancellationToken)
         at Azure.Identity.DefaultAzureCredential.GetTokenFromSourcesAsync(TokenCredential[] sources, TokenRequestContext requestContext, Boolean async, CancellationToken cancellationToken)&lt;---
         --- End of inner exception stack trace ---
         at Azure.Identity.DefaultAzureCredential.GetTokenFromSourcesAsync(TokenCredential[] sources, TokenRequestContext requestContext, Boolean async, CancellationToken cancellationToken)
         at Azure.Identity.DefaultAzureCredential.GetTokenImplAsync(Boolean async, TokenRequestContext requestContext, CancellationToken cancellationToken)
         at Azure.Identity.CredentialDiagnosticScope.FailWrapAndThrow(Exception ex, String additionalMessage, Boolean isCredentialUnavailable)
         at Azure.Identity.DefaultAzureCredential.GetTokenImplAsync(Boolean async, TokenRequestContext requestContext, CancellationToken cancellationToken)
         at Azure.Identity.DefaultAzureCredential.GetTokenAsync(TokenRequestContext requestContext, CancellationToken cancellationToken)
         at Azure.AI.OpenAI.AzureTokenAuthenticationPolicy.ProcessAsync(PipelineMessage message, IReadOnlyList`1 pipeline, Int32 currentIndex)
         at System.ClientModel.Primitives.PipelinePolicy.ProcessNextAsync(PipelineMessage message, IReadOnlyList`1 pipeline, Int32 currentIndex)
         at System.ClientModel.Primitives.ClientRetryPolicy.ProcessSyncOrAsync(PipelineMessage message, IReadOnlyList`1 pipeline, Int32 currentIndex, Boolean async)
         at System.ClientModel.Primitives.ClientRetryPolicy.ProcessSyncOrAsync(PipelineMessage message, IReadOnlyList`1 pipeline, Int32 currentIndex, Boolean async)
         at System.ClientModel.Primitives.ClientRetryPolicy.ProcessAsync(PipelineMessage message, IReadOnlyList`1 pipeline, Int32 currentIndex)
         at System.ClientModel.Primitives.PipelinePolicy.ProcessNextAsync(PipelineMessage message, IReadOnlyList`1 pipeline, Int32 currentIndex)
         at Azure.AI.OpenAI.GenericActionPipelinePolicy.ProcessAsync(PipelineMessage message, IReadOnlyList`1 pipeline, Int32 currentIndex)
         at System.ClientModel.Primitives.PipelinePolicy.ProcessNextAsync(PipelineMessage message, IReadOnlyList`1 pipeline, Int32 currentIndex)
         at Azure.AI.OpenAI.GenericActionPipelinePolicy.ProcessAsync(PipelineMessage message, IReadOnlyList`1 pipeline, Int32 currentIndex)
         at System.ClientModel.Primitives.ClientPipeline.SendAsync(PipelineMessage message)
         at Azure.AI.OpenAI.ClientPipelineExtensions.ProcessMessageAsync(ClientPipeline pipeline, PipelineMessage message, RequestOptions options)
         at Azure.AI.OpenAI.Chat.AzureChatClient.CompleteChatAsync(BinaryContent content, RequestOptions options)
         at OpenAI.Chat.ChatClient.CompleteChatAsync(IEnumerable`1 messages, ChatCompletionOptions options, CancellationToken cancellationToken)
         at LegalRagApp.Services.QueryRewriteService.RewriteAsync(String question, CancellationToken cancellationToken) in /home/runner/work/azure-enterprise-bicep/azure-enterprise-bicep/src/Services/QueryRewriteService.cs:line 39
info: LegalRagApp.Controllers.AskController[0]
      AskRequest rewrite completed. TraceId=0HNJVMNPC14SO ConversationId=c2 RewriteDurationMs=2626
info: LegalRagApp.Controllers.AskController[0]
      AskRequest retrieval completed. TraceId=0HNJVMNPC14SO ConversationId=c2 MatterId=MATTER-001 RetrievedChunkCount=0 AverageScore=0 RetrievalDurationMs=0
info: LegalRagApp.Controllers.AskController[0]
      AskRequest memory loaded. TraceId=0HNJVMNPC14SO ConversationId=c2 MessageCount=0 MemoryDurationMs=0
info: LegalRagApp.Controllers.AskController[0]
      AskRequest generation completed. TraceId=0HNJVMNPC14SO ConversationId=c2 PromptTokens=0 CompletionTokens=0 EstimatedCost=0 GenerationDurationMs=0
info: LegalRagApp.Controllers.AskController[0]
      AskRequest completed. TraceId=0HNJVMNPC14SO ConversationId=c2 MatterId=MATTER-001 Filter= RetrievedChunkCount=0 Confidence=low DurationMs=2626
info: LegalRagApp.Middleware.CostTrackingMiddleware[0]
      COST_AI_QUERY user=unauthorized@firm.com promptTokens=0 completionTokens=0 estimatedCost=0
info: LegalRagApp.Services.AuditService[0]
      AUDIT_AI_QUERY {"userId":"unauthorized@firm.com","question":"What is the termination clause?","rewrittenQuery":"What is the termination clause?","timestamp":"2026-03-11T21:34:25.4925177+00:00","documentsRetrieved":[],"modelUsed":"fake-chat","confidence":"low","promptTokens":0,"completionTokens":0,"estimatedCost":0,"responseTimeMs":2626}
warn: LegalRagApp[0]
      Authorization bypass is enabled for Development. Do not enable this outside local debugging.
warn: LegalRagApp[0]
      Matter-level claim authorization bypass is enabled for Development. Do not enable this outside local debugging.
[xUnit.net 00:00:11.54]   Finished:    LegalRagApp.Tests
</StdOut>
    </Output>
  </ResultSummary>
</TestRun>